<?xml version="1.0" encoding="UTF-8"?>
<!-- Generated by org.testng.reporters.JUnitReportReporter -->
<testsuite hostname="LAPTOP-PE73JGE2" failures="0" tests="1" name="com.vtiger.crm.contactstest.CreateContactWithSupportDate" time="20.149" errors="0" timestamp="2025-07-24T15:48:10 IST" skipped="0">
  <testcase classname="com.vtiger.crm.contactstest.CreateContactWithSupportDate" name="testCase_01" time="20.149"/>
</testsuite> <!-- com.vtiger.crm.contactstest.CreateContactWithSupportDate -->
