<?xml version="1.0" encoding="UTF-8"?>
<!-- Generated by org.testng.reporters.JUnitReportReporter -->
<testsuite hostname="LAPTOP-PE73JGE2" failures="0" tests="1" name="com.vtiger.crm.emailtest.DeleteAllProductsTest" time="17.163" errors="0" timestamp="2025-07-14T13:17:11 IST" skipped="0">
  <testcase classname="com.vtiger.crm.emailtest.DeleteAllProductsTest" name="testCase_01" time="17.163"/>
</testsuite> <!-- com.vtiger.crm.emailtest.DeleteAllProductsTest -->
