<?xml version="1.0" encoding="UTF-8"?>
<!-- Generated by org.testng.reporters.JUnitReportReporter -->
<testsuite hostname="LAPTOP-PE73JGE2" failures="0" tests="1" name="practice.amazon.producttest.CaptureScreenshot" time="39.649" errors="0" timestamp="2025-07-28T15:43:11 IST" skipped="0">
  <testcase classname="practice.amazon.producttest.CaptureScreenshot" name="screenshotTest" time="39.649"/>
</testsuite> <!-- practice.amazon.producttest.CaptureScreenshot -->
