<?xml version="1.0" encoding="UTF-8"?>
<!-- Generated by org.testng.reporters.JUnitReportReporter -->
<testsuite hostname="LAPTOP-PE73JGE2" failures="0" tests="6" name="practice.amazon.producttest.SampleTest" time="0.043" errors="0" timestamp="2025-08-10T12:42:37 IST" skipped="0">
  <testcase classname="practice.amazon.producttest.SampleTest" name="sampleTest" time="0.006"/>
  <testcase classname="practice.amazon.producttest.SampleTest" name="sampleTest" time="0.003"/>
  <testcase classname="practice.amazon.producttest.SampleTest" name="sampleTest" time="0.007"/>
  <testcase classname="practice.amazon.producttest.SampleTest" name="sampleTest" time="0.019"/>
  <testcase classname="practice.amazon.producttest.SampleTest" name="sampleTest" time="0.004"/>
  <testcase classname="practice.amazon.producttest.SampleTest" name="sampleTest" time="0.004"/>
</testsuite> <!-- practice.amazon.producttest.SampleTest -->
