<?xml version="1.0" encoding="UTF-8"?>
<!-- Generated by org.testng.reporters.JUnitReportReporter -->
<testsuite hostname="LAPTOP-PE73JGE2" failures="0" tests="1" name="com.vtiger.crm.orgtest.CreateOrganizationWithPhoneTest" time="62.676" errors="0" timestamp="2025-07-28T16:39:27 IST" skipped="0">
  <testcase classname="com.vtiger.crm.orgtest.CreateOrganizationWithPhoneTest" name="createOrganizationWithPhoneTest" time="62.676"/>
</testsuite> <!-- com.vtiger.crm.orgtest.CreateOrganizationWithPhoneTest -->
