<?xml version="1.0" encoding="UTF-8"?>
<!-- Generated by org.testng.reporters.JUnitReportReporter -->
<testsuite hostname="LAPTOP-PE73JGE2" failures="0" tests="1" name="com.vtiger.crm.orgtest.CreateOrganizationTest_Phone" time="18.347" errors="0" timestamp="2025-07-24T16:07:41 IST" skipped="0">
  <testcase classname="com.vtiger.crm.orgtest.CreateOrganizationTest_Phone" name="testCase_02" time="18.347"/>
</testsuite> <!-- com.vtiger.crm.orgtest.CreateOrganizationTest_Phone -->
