<?xml version="1.0" encoding="UTF-8"?>
<!-- Generated by org.testng.reporters.JUnitReportReporter -->
<testsuite hostname="LAPTOP-PE73JGE2" failures="0" tests="1" name="com.vtiger.crm.orgtest.CreateOrganizationTest_IndustryType" time="18.937" errors="0" timestamp="2025-07-24T16:07:42 IST" skipped="0">
  <testcase classname="com.vtiger.crm.orgtest.CreateOrganizationTest_IndustryType" name="testCase_02" time="18.937"/>
</testsuite> <!-- com.vtiger.crm.orgtest.CreateOrganizationTest_IndustryType -->
