<?xml version="1.0" encoding="UTF-8"?>
<!-- Generated by org.testng.reporters.JUnitReportReporter -->
<testsuite hostname="LAPTOP-PE73JGE2" failures="0" tests="1" name="practice.amazon.producttest.ClearData" time="1.634" errors="0" timestamp="2025-07-23T14:56:48 IST" skipped="0">
  <testcase classname="practice.amazon.producttest.ClearData" name="addProductInfoTest" time="1.634"/>
</testsuite> <!-- practice.amazon.producttest.ClearData -->
