<?xml version="1.0" encoding="UTF-8"?>
<!-- Generated by org.testng.reporters.JUnitReportReporter -->
<testsuite hostname="LAPTOP-PE73JGE2" failures="0" tests="1" name="com.vtiger.crm.emailtest.EditProductTest" time="35.392" errors="0" timestamp="2025-07-14T13:18:19 IST" skipped="0">
  <testcase classname="com.vtiger.crm.emailtest.EditProductTest" name="testCase_01" time="35.392"/>
</testsuite> <!-- com.vtiger.crm.emailtest.EditProductTest -->
