<?xml version="1.0" encoding="UTF-8"?>
<!-- Generated by org.testng.reporters.JUnitReportReporter -->
<testsuite hostname="LAPTOP-PE73JGE2" failures="0" tests="1" name="com.vtiger.crm.productstest.DeleteAllProductsTest" time="45.853" errors="0" timestamp="2025-07-26T15:52:30 IST" skipped="0">
  <testcase classname="com.vtiger.crm.productstest.DeleteAllProductsTest" name="deleteAllProductsTest" time="45.853"/>
</testsuite> <!-- com.vtiger.crm.productstest.DeleteAllProductsTest -->
