<?xml version="1.0" encoding="UTF-8"?>
<!-- Generated by org.testng.reporters.JUnitReportReporter -->
<testsuite hostname="LAPTOP-PE73JGE2" failures="0" tests="1" name="com.vtiger.crm.contactstest.DeleteContactTest" time="51.083" errors="0" timestamp="2025-07-28T18:23:47 IST" skipped="0">
  <testcase classname="com.vtiger.crm.contactstest.DeleteContactTest" name="deleteContactTest" time="51.083"/>
</testsuite> <!-- com.vtiger.crm.contactstest.DeleteContactTest -->
